  CommonUtils.cpp
d:\zjf\final\gametech_2017_final (1)\build\ncltech\GameObject.h(154): warning C4018: '<': signed/unsigned mismatch
d:\zjf\final\gametech_2017_final (1)\build\ncltech\GameObject.h(221): warning C4018: '<': signed/unsigned mismatch
d:\zjf\final\gametech_2017_final (1)\build\ncltech\GameObject.h(251): warning C4018: '<': signed/unsigned mismatch
CommonUtils.cpp(146): warning C4244: 'argument': conversion from 'const float' to 'const int', possible loss of data
CommonUtils.cpp(200): warning C4244: 'argument': conversion from 'const float' to 'const int', possible loss of data
  MazeGenerator.cpp
D:\ZJF\final\GameTech_2017_final (1)\Build\ncltech\GameObject.h(154): warning C4018: '<': signed/unsigned mismatch
D:\ZJF\final\GameTech_2017_final (1)\Build\ncltech\GameObject.h(221): warning C4018: '<': signed/unsigned mismatch
D:\ZJF\final\GameTech_2017_final (1)\Build\ncltech\GameObject.h(251): warning C4018: '<': signed/unsigned mismatch
D:\ZJF\final\GameTech_2017_final (1)\Build\ncltech\Scene.h(115): warning C4018: '<': signed/unsigned mismatch
d:\zjf\final\gametech_2017_final (1)\build\ncltech\MazeGenerator.h(107): warning C4018: '<': signed/unsigned mismatch
d:\zjf\final\gametech_2017_final (1)\build\ncltech\MazeGenerator.h(111): warning C4018: '<': signed/unsigned mismatch
d:\zjf\final\gametech_2017_final (1)\build\ncltech\MazeGenerator.h(135): warning C4018: '<': signed/unsigned mismatch
d:\zjf\final\gametech_2017_final (1)\build\ncltech\MazeGenerator.h(141): warning C4018: '<': signed/unsigned mismatch
  MazeRenderer.cpp
D:\ZJF\final\GameTech_2017_final (1)\Build\ncltech\GameObject.h(154): warning C4018: '<': signed/unsigned mismatch
D:\ZJF\final\GameTech_2017_final (1)\Build\ncltech\GameObject.h(221): warning C4018: '<': signed/unsigned mismatch
D:\ZJF\final\GameTech_2017_final (1)\Build\ncltech\GameObject.h(251): warning C4018: '<': signed/unsigned mismatch
D:\ZJF\final\GameTech_2017_final (1)\Build\ncltech\Scene.h(115): warning C4018: '<': signed/unsigned mismatch
d:\zjf\final\gametech_2017_final (1)\build\ncltech\MazeGenerator.h(107): warning C4018: '<': signed/unsigned mismatch
d:\zjf\final\gametech_2017_final (1)\build\ncltech\MazeGenerator.h(111): warning C4018: '<': signed/unsigned mismatch
d:\zjf\final\gametech_2017_final (1)\build\ncltech\MazeGenerator.h(135): warning C4018: '<': signed/unsigned mismatch
d:\zjf\final\gametech_2017_final (1)\build\ncltech\MazeGenerator.h(141): warning C4018: '<': signed/unsigned mismatch
  PhysicsEngine.cpp
d:\zjf\final\gametech_2017_final (1)\build\ncltech\GameObject.h(154): warning C4018: '<': signed/unsigned mismatch
d:\zjf\final\gametech_2017_final (1)\build\ncltech\GameObject.h(221): warning C4018: '<': signed/unsigned mismatch
d:\zjf\final\gametech_2017_final (1)\build\ncltech\GameObject.h(251): warning C4018: '<': signed/unsigned mismatch
  SceneManager.cpp
d:\zjf\final\gametech_2017_final (1)\build\ncltech\GameObject.h(154): warning C4018: '<': signed/unsigned mismatch
d:\zjf\final\gametech_2017_final (1)\build\ncltech\GameObject.h(221): warning C4018: '<': signed/unsigned mismatch
d:\zjf\final\gametech_2017_final (1)\build\ncltech\GameObject.h(251): warning C4018: '<': signed/unsigned mismatch
d:\zjf\final\gametech_2017_final (1)\build\ncltech\Scene.h(115): warning C4018: '<': signed/unsigned mismatch
  ncltech.vcxproj -> D:\ZJF\final\GameTech_2017_final (1)\Build\Release\ncltech.lib
